<?xml version="1.0" encoding="UTF-8"?>
<testsuite name="PhoneBookTest" tests="1" skipped="0" failures="0" errors="0" timestamp="2020-04-15T17:31:56" hostname="home" time="61.942">
  <properties/>
  <testcase name="start" classname="PhoneBookTest" time="61.942"/>
  <system-out><![CDATA[?[1;31m
Start test 1?[0m
Start searching (linear search)
Found 500 / 500 entries. Time taken: 0 min. 2 sec. 458 ms.

Start searching (bubble sort + jump search)
Found 500 / 500 entries. Time taken: 0 min. 26 sec. 968 ms.
Sorting time: 0 min. 24 sec. 581 ms.
Searching time: 0 min. 2 sec. 387 ms.

Start searching (quick sort + binary search)
Found 500 / 500 entries. Time taken: 0 min. 31 sec. 36 ms.
Sorting time: 0 min. 31 sec. 16 ms.
Searching time: 0 min. 0 sec. 20 ms.

Start searching (hash table)
Found 500 / 500 entries. Time taken: 0 min. 1 sec. 25 ms.
Creating time: 0 min. 1 sec. 25 ms.
Searching time: 0 min. 0 sec. 0 ms.

]]></system-out>
  <system-err><![CDATA[]]></system-err>
</testsuite>
