<?xml version="1.0" encoding="UTF-8"?>
<testsuite name="SimpleSearchEngineTest" tests="1" skipped="0" failures="0" errors="0" timestamp="2020-02-29T22:10:58" hostname="home" time="0.109">
  <properties/>
  <testcase name="start" classname="SimpleSearchEngineTest" time="0.109"/>
  <system-out><![CDATA[?[1;31m
Start test 1?[0m
>1
>ANY
>bob gallien@evilcorp.com
Bob Yeh bobyeah@gmail.com
Shannan Bob stropeshah@gmail.com
Carlene Bob
Agripina Bob
Bob Mans
Pasquale Gallien gallien@evilcorp.com
Gerardo Strouth gallien@evilcorp.com
Angelita Wigington gallien@evilcorp.com
Demetria Hostetler gallien@evilcorp.com
>2
Kristofer Galley
Fernando Marbury fernando_marbury@gmail.com
Kristyn Nix nix-kris@gmail.com
Regenia Enderle
Malena Gray
Colette Mattei
Wendolyn Mcphillips
Jim Gray
Coreen Beckham
Bob Yeh bobyeah@gmail.com
Shannan Bob stropeshah@gmail.com
Yer Fillion
Margene Resendez marres@gmail.com
Blossom Ambler
Teri Ledet teri_ledet@gmail.com
Dana Baron baron@gmail.com
Abram Goldsberry
Yer Leopold
Stefania Trunzo
Alexis Leopold
Carlene Bob
Oliver Dacruz
Jonie Richter
Pasquale Gallien gallien@evilcorp.com
Verdie Gentle
Gerardo Strouth gallien@evilcorp.com
Agripina Bob
Latricia Niebuhr
Malena Schommer
Drema Leopold
Heide Payeur
Ranae Digiovanni
Simona Pereira
Nick Digiovanni
Angelita Wigington gallien@evilcorp.com
Elin Gray
Dwain Trunzo
Boris Beiler
Remi Malek fsociefy@gmail.com
Demetria Hostetler gallien@evilcorp.com
Nydia Mcduffie
Florencio Defibaugh
Warner Giblin
Bob Mans
Shu Gray
Kaycee Gray
Victorina Froehlich victory@gmail.com
Roseanne Gray
Erica Radford hisam@gmail.com
Elyse Pauling
Incorrect option! Try again.
>1
>NONE
>bob gallien@evilcorp.com
Kristofer Galley
Fernando Marbury fernando_marbury@gmail.com
Kristyn Nix nix-kris@gmail.com
Regenia Enderle
Malena Gray
Colette Mattei
Wendolyn Mcphillips
Jim Gray
Coreen Beckham
Yer Fillion
Margene Resendez marres@gmail.com
Blossom Ambler
Teri Ledet teri_ledet@gmail.com
Dana Baron baron@gmail.com
Abram Goldsberry
Yer Leopold
Stefania Trunzo
Alexis Leopold
Oliver Dacruz
Jonie Richter
Verdie Gentle
Latricia Niebuhr
Malena Schommer
Drema Leopold
Heide Payeur
Ranae Digiovanni
Simona Pereira
Nick Digiovanni
Elin Gray
Dwain Trunzo
Boris Beiler
Remi Malek fsociefy@gmail.com
Nydia Mcduffie
Florencio Defibaugh
Warner Giblin
Shu Gray
Kaycee Gray
Victorina Froehlich victory@gmail.com
Roseanne Gray
Erica Radford hisam@gmail.com
Elyse Pauling
>0
?[1;31m
Start test 2?[0m
>2
Kristofer Galley
Fernando Marbury fernando_marbury@gmail.com
Kristyn Nix nix-kris@gmail.com
Regenia Enderle
Malena Gray
Colette Mattei
Wendolyn Mcphillips
Jim Gray
Coreen Beckham
Bob Yeh bobyeah@gmail.com
Shannan Bob stropeshah@gmail.com
Yer Fillion
Margene Resendez marres@gmail.com
Blossom Ambler
Teri Ledet teri_ledet@gmail.com
Dana Baron baron@gmail.com
Abram Goldsberry
Yer Leopold
Stefania Trunzo
Alexis Leopold
Carlene Bob
Oliver Dacruz
Jonie Richter
Pasquale Gallien gallien@evilcorp.com
Verdie Gentle
Gerardo Strouth gallien@evilcorp.com
Agripina Bob
Latricia Niebuhr
Malena Schommer
Drema Leopold
Heide Payeur
Ranae Digiovanni
Simona Pereira
Nick Digiovanni
Angelita Wigington gallien@evilcorp.com
Elin Gray
Dwain Trunzo
Boris Beiler
Remi Malek fsociefy@gmail.com
Demetria Hostetler gallien@evilcorp.com
Nydia Mcduffie
Florencio Defibaugh
Warner Giblin
Bob Mans
Shu Gray
Kaycee Gray
Victorina Froehlich victory@gmail.com
Roseanne Gray
Erica Radford hisam@gmail.com
Elyse Pauling
Incorrect option! Try again.
>1
>ALL
>this text never gonna be matched
No matching people found.
>2
Kristofer Galley
Fernando Marbury fernando_marbury@gmail.com
Kristyn Nix nix-kris@gmail.com
Regenia Enderle
Malena Gray
Colette Mattei
Wendolyn Mcphillips
Jim Gray
Coreen Beckham
Bob Yeh bobyeah@gmail.com
Shannan Bob stropeshah@gmail.com
Yer Fillion
Margene Resendez marres@gmail.com
Blossom Ambler
Teri Ledet teri_ledet@gmail.com
Dana Baron baron@gmail.com
Abram Goldsberry
Yer Leopold
Stefania Trunzo
Alexis Leopold
Carlene Bob
Oliver Dacruz
Jonie Richter
Pasquale Gallien gallien@evilcorp.com
Verdie Gentle
Gerardo Strouth gallien@evilcorp.com
Agripina Bob
Latricia Niebuhr
Malena Schommer
Drema Leopold
Heide Payeur
Ranae Digiovanni
Simona Pereira
Nick Digiovanni
Angelita Wigington gallien@evilcorp.com
Elin Gray
Dwain Trunzo
Boris Beiler
Remi Malek fsociefy@gmail.com
Demetria Hostetler gallien@evilcorp.com
Nydia Mcduffie
Florencio Defibaugh
Warner Giblin
Bob Mans
Shu Gray
Kaycee Gray
Victorina Froehlich victory@gmail.com
Roseanne Gray
Erica Radford hisam@gmail.com
Elyse Pauling
Incorrect option! Try again.
>0
]]></system-out>
  <system-err><![CDATA[]]></system-err>
</testsuite>
